\BOOKMARK [-1][]{section*.1}{\376\377\000\315\000n\000d\000i\000c\000e}{}% 1
\BOOKMARK [0][]{chapter.1}{\376\377\000\301\000g\000e\000b\000r\000a\000\040\000h\000o\000m\000o\000l\000\363\000g\000i\000c\000a}{section*.1}% 2
\BOOKMARK [1][]{section.1.1}{\376\377\000R\000e\000p\000a\000s\000o}{chapter.1}% 3
\BOOKMARK [1][]{section.1.2}{\376\377\000M\000\341\000s\000\040\000\341\000l\000g\000e\000b\000r\000a\000\040\000h\000o\000m\000o\000l\000\363\000g\000i\000c\000a}{chapter.1}% 4
\BOOKMARK [1][]{section.1.3}{\376\377\000F\000u\000n\000t\000o\000r\000e\000s\000\040\000d\000e\000r\000i\000v\000a\000d\000o\000s}{chapter.1}% 5
\BOOKMARK [1][]{section.1.4}{\376\377\000G\000r\000u\000p\000o\000s\000\040\000d\000e\000\040\000c\000o\000h\000o\000m\000o\000l\000o\000g\000\355\000a}{chapter.1}% 6
\BOOKMARK [1][]{section.1.5}{\376\377\000T\000e\000o\000r\000e\000m\000a\000\040\000d\000e\000\040\000c\000o\000e\000f\000i\000c\000i\000e\000n\000t\000e\000s\000\040\000u\000n\000i\000v\000e\000r\000s\000a\000l\000e\000s}{chapter.1}% 7
\BOOKMARK [0][]{chapter.2}{\376\377\000C\000o\000h\000o\000m\000o\000l\000o\000g\000\355\000a}{section*.1}% 8
\BOOKMARK [1][]{section.2.1}{\376\377\000C\000o\000h\000o\000m\000o\000l\000o\000g\000\355\000a\000\040\000d\000e\000\040\000e\000s\000p\000a\000c\000i\000o\000s}{chapter.2}% 9
\BOOKMARK [1][]{section.2.2}{\376\377\000P\000r\000o\000d\000u\000c\000t\000o\000\040\000c\000o\000p\000a}{chapter.2}% 10
\BOOKMARK [1][]{section.2.3}{\376\377\000T\000e\000o\000r\000e\000m\000a\000\040\000d\000e\000\040\000K\000\374\000n\000n\000e\000t\000h}{chapter.2}% 11
\BOOKMARK [1][]{section.2.4}{\376\377\000D\000u\000a\000l\000i\000d\000a\000d\000\040\000d\000e\000\040\000P\000o\000i\000n\000c\000a\000r\000\351}{chapter.2}% 12
\BOOKMARK [2][]{subsection.2.4.1}{\376\377\000P\000r\000o\000d\000u\000c\000t\000o\000\040\000c\000a\000p\000a}{section.2.4}% 13
\BOOKMARK [1][]{section.2.5}{\376\377\000C\000o\000n\000s\000e\000c\000u\000e\000n\000c\000i\000a\000s\000\040\000d\000e\000\040\000d\000u\000a\000l\000i\000d\000a\000d\000\040\000d\000e\000\040\000P\000o\000i\000n\000c\000a\000r\000\351}{chapter.2}% 14
\BOOKMARK [1][]{section.2.6}{\376\377\000V\000a\000r\000i\000e\000d\000a\000d\000e\000s\000\040\000c\000o\000n\000\040\000f\000r\000o\000n\000t\000e\000r\000a}{chapter.2}% 15
\BOOKMARK [0][]{chapter.3}{\376\377\000L\000a\000\040\000c\000o\000n\000j\000e\000t\000u\000r\000a\000\040\000d\000e\000\040\000P\000o\000i\000n\000c\000a\000r\000\351}{section*.1}% 16
\BOOKMARK [1][]{section.3.1}{\376\377\000C\000o\000b\000o\000r\000d\000i\000s\000m\000o}{chapter.3}% 17
\BOOKMARK [1][]{section.3.2}{\376\377\000C\000\341\000l\000c\000u\000l\000o\000\040\000d\000e\000\040\000a\000s\000a\000s}{chapter.3}% 18
\BOOKMARK [0][]{chapter.4}{\376\377\000E\000x\000p\000o\000s\000i\000c\000i\000o\000n\000e\000s}{section*.1}% 19
\BOOKMARK [1][]{section.4.1}{\376\377\000K\000-\000t\000e\000o\000r\000\355\000a}{chapter.4}% 20
\BOOKMARK [1][]{section.4.2}{\376\377\000C\000l\000a\000s\000e\000s\000\040\000c\000a\000r\000a\000c\000t\000e\000r\000\355\000s\000t\000i\000c\000a\000s}{chapter.4}% 21
\BOOKMARK [1][]{section.4.3}{\376\377\000T\000e\000o\000r\000e\000m\000a\000\040\000d\000e\000\040\000d\000e\000\040\000R\000h\000a\000m\000\040\000v\000\355\000a\000\040\000c\000o\000h\000o\000m\000o\000l\000o\000g\000\355\000a\000\040\000d\000e\000\040\000g\000a\000v\000i\000l\000l\000a\000s}{chapter.4}% 22
\BOOKMARK [1][]{section.4.4}{\376\377\000B\000o\000r\000d\000i\000s\000m\000o\000,\000\040\000e\000s\000p\000e\000c\000t\000r\000o\000s\000\040\000y\000\040\000t\000e\000o\000r\000\355\000a\000s\000\040\000d\000e\000\040\000\050\000c\000o\000\051\000h\000o\000m\000o\000l\000o\000g\000\355\000a}{chapter.4}% 23
